[debug] [2017-09-25T17:35:18.008Z] ----------------------------------------------------------------------
[debug] [2017-09-25T17:35:18.009Z] Command:       /usr/local/Cellar/node/7.4.0/bin/node /usr/local/bin/firebase serve --only functions
[debug] [2017-09-25T17:35:18.010Z] CLI Version:   3.10.0
[debug] [2017-09-25T17:35:18.010Z] Platform:      darwin
[debug] [2017-09-25T17:35:18.010Z] Node Version:  v7.4.0
[debug] [2017-09-25T17:35:18.011Z] Time:          Mon Sep 25 2017 19:35:18 GMT+0200 (CEST)
[debug] [2017-09-25T17:35:18.011Z] ----------------------------------------------------------------------
[debug] 
[debug] [2017-09-25T17:35:18.024Z] > command requires scopes: ["email","openid","https://www.googleapis.com/auth/cloudplatformprojects.readonly","https://www.googleapis.com/auth/firebase","https://www.googleapis.com/auth/cloud-platform"]
[debug] [2017-09-25T17:35:18.025Z] > authorizing via signed-in user
[debug] [2017-09-25T17:35:18.026Z] > refreshing access token with scopes: ["email","https://www.googleapis.com/auth/cloud-platform","https://www.googleapis.com/auth/cloudplatformprojects.readonly","https://www.googleapis.com/auth/firebase","openid"]
[debug] [2017-09-25T17:35:18.027Z] >>> HTTP REQUEST POST https://www.googleapis.com/oauth2/v3/token { refresh_token: '1/Rq8tDs_rZz2Pj10BOGDZMdEhfrzR73dPW3XWEAwZ5BM',
  client_id: '563584335869-fgrhgmd47bqnekij5i8b5pr03ho849e6.apps.googleusercontent.com',
  client_secret: 'j9iVZfS8kkCEFUPaAeJV0sAi',
  grant_type: 'refresh_token',
  scope: 'email https://www.googleapis.com/auth/cloud-platform https://www.googleapis.com/auth/cloudplatformprojects.readonly https://www.googleapis.com/auth/firebase openid' } 
 Mon Sep 25 2017 19:35:18 GMT+0200 (CEST)
[debug] [2017-09-25T17:35:18.323Z] <<< HTTP RESPONSE 200
[debug] [2017-09-25T17:35:18.325Z] >>> HTTP REQUEST GET https://admin.firebase.com/v1/projects/tilesmanager-70e8d  
 Mon Sep 25 2017 19:35:18 GMT+0200 (CEST)
[debug] [2017-09-25T17:35:19.085Z] <<< HTTP RESPONSE 200
[debug] [2017-09-25T17:35:19.086Z] >>> HTTP REQUEST GET https://admin.firebase.com/v1/database/tilesmanager-70e8d/tokens  
 Mon Sep 25 2017 19:35:19 GMT+0200 (CEST)
[debug] [2017-09-25T17:35:20.187Z] <<< HTTP RESPONSE 200
[info] 
[info] === Serving from '/Users/stoyan/projects/elm-tile-manager'...
[info] 
[info] i  functions: Preparing to emulate HTTPS functions. Support for other event types coming soon.
[debug] [2017-09-25T17:35:20.529Z] >>> HTTP REQUEST GET https://appengine.googleapis.com/v1/apps/tilesmanager-70e8d  
 Mon Sep 25 2017 19:35:20 GMT+0200 (CEST)
[debug] [2017-09-25T17:35:20.530Z] >>> HTTP REQUEST GET https://apikeys.googleapis.com/v1/projects/tilesmanager-70e8d/apiKeys  
 Mon Sep 25 2017 19:35:20 GMT+0200 (CEST)
[debug] [2017-09-25T17:35:21.402Z] <<< HTTP RESPONSE 200
[debug] [2017-09-25T17:35:21.460Z] <<< HTTP RESPONSE 200
[info] ✔  functions: api: http://localhost:5000/tilesmanager-70e8d/us-central1/api
